<?xml version="1.0" encoding="UTF-8"?>
<!-- Generated by org.testng.reporters.JUnitReportReporter -->
<testsuite hostname="DESKTOP-P2JOM8B" failures="0" tests="1" name="assignmentOneModuleTen.AssignmentOneModuleTen" time="6.961" errors="0" timestamp="2022-03-04T19:01:20 IST" skipped="0">
  <testcase classname="assignmentOneModuleTen.AssignmentOneModuleTen" name="loginTest" time="6.961"/>
  <system-out/>
</testsuite> <!-- assignmentOneModuleTen.AssignmentOneModuleTen -->
