<?xml version="1.0" encoding="UTF-8"?>
<!-- Generated by org.testng.reporters.JUnitReportReporter -->
<testsuite hostname="DESKTOP-P2JOM8B" failures="0" tests="1" name="assignmentOneModuleTen.AssignmentOneModuleTen" time="5.779" errors="0" timestamp="2022-03-04T19:07:25 IST" skipped="0">
  <testcase classname="assignmentOneModuleTen.AssignmentOneModuleTen" name="loginTest" time="5.779"/>
  <system-out/>
</testsuite> <!-- assignmentOneModuleTen.AssignmentOneModuleTen -->
